<?xml version="1.0" encoding="UTF-8" ?>
<testsuite tests="13" failures="1" name="TestSuite" time="18.256" errors="0" skipped="0">
  <properties>
[...]
</properties>
  <testcase classname="com.hrm.qa.testcases.AdminPageTest" name="verifyAdminPageTest" time="0.072"/>
  <testcase classname="com.hrm.qa.testcases.AdminPageTest" name="selectingSingleUserTest" time="0.1"/>
  <testcase classname="com.hrm.qa.testcases.AdminPageTest" name="selectingMultipleUserTest" time="10.159">
    <failure message="no such element: Unable to locate element: {&quot;method&quot;:&quot;xpath&quot;,&quot;selector&quot;:&quot; //a[text()=&apos;Johny123&apos;]//parent::td[@class=&apos;left&apos;]//preceding-sibling::td//input[@name=&apos;chkSelectRow[]&apos;]&quot;}
  (Session info: chrome=99.0.4844.51)
For documentation on this error, please visit: https://www.seleniumhq.org/exceptions/no_such_element.html
Build info: version: &apos;3.141.59&apos;, revision: &apos;e82be7d358&apos;, time: &apos;2018-11-14T08:17:03&apos;
System info: host: &apos;LAPTOP-0AOM9FTS&apos;, ip: &apos;192.168.0.21&apos;, os.name: &apos;Windows 10&apos;, os.arch: &apos;amd64&apos;, os.version: &apos;10.0&apos;, java.version: &apos;1.8.0_251&apos;
Driver info: org.openqa.selenium.chrome.ChromeDriver
Capabilities {acceptInsecureCerts: false, browserName: chrome, browserVersion: 99.0.4844.51, chrome: {chromedriverVersion: 98.0.4758.102 (273bf7ac8c90..., userDataDir: C:\WINDOWS\TEMP\scoped_dir3...}, goog:chromeOptions: {debuggerAddress: localhost:61587}, javascriptEnabled: true, networkConnectionEnabled: false, pageLoadStrategy: normal, platform: WINDOWS, platformName: WINDOWS, proxy: Proxy(), setWindowRect: true, strictFileInteractability: false, timeouts: {implicit: 0, pageLoad: 300000, script: 30000}, unhandledPromptBehavior: dismiss and notify, webauthn:extension:credBlob: true, webauthn:extension:largeBlob: true, webauthn:virtualAuthenticators: true}
Session ID: dd32e21ec140485394a32266872cd735
*** Element info: {Using=xpath, value= //a[text()=&apos;Johny123&apos;]//parent::td[@class=&apos;left&apos;]//preceding-sibling::td//input[@name=&apos;chkSelectRow[]&apos;]}" type="org.openqa.selenium.NoSuchElementException">org.openqa.selenium.NoSuchElementException: no such element: Unable to locate element: {&quot;method&quot;:&quot;xpath&quot;,&quot;selector&quot;:&quot; //a[text()=&apos;Johny123&apos;]//parent::td[@class=&apos;left&apos;]//preceding-sibling::td//input[@name=&apos;chkSelectRow[]&apos;]&quot;}
  (Session info: chrome=99.0.4844.51)
For documentation on this error, please visit: https://www.seleniumhq.org/exceptions/no_such_element.html
Build info: version: &apos;3.141.59&apos;, revision: &apos;e82be7d358&apos;, time: &apos;2018-11-14T08:17:03&apos;
System info: host: &apos;LAPTOP-0AOM9FTS&apos;, ip: &apos;192.168.0.21&apos;, os.name: &apos;Windows 10&apos;, os.arch: &apos;amd64&apos;, os.version: &apos;10.0&apos;, java.version: &apos;1.8.0_251&apos;
Driver info: org.openqa.selenium.chrome.ChromeDriver
Capabilities {acceptInsecureCerts: false, browserName: chrome, browserVersion: 99.0.4844.51, chrome: {chromedriverVersion: 98.0.4758.102 (273bf7ac8c90..., userDataDir: C:\WINDOWS\TEMP\scoped_dir3...}, goog:chromeOptions: {debuggerAddress: localhost:61587}, javascriptEnabled: true, networkConnectionEnabled: false, pageLoadStrategy: normal, platform: WINDOWS, platformName: WINDOWS, proxy: Proxy(), setWindowRect: true, strictFileInteractability: false, timeouts: {implicit: 0, pageLoad: 300000, script: 30000}, unhandledPromptBehavior: dismiss and notify, webauthn:extension:credBlob: true, webauthn:extension:largeBlob: true, webauthn:virtualAuthenticators: true}
Session ID: dd32e21ec140485394a32266872cd735
*** Element info: {Using=xpath, value= //a[text()=&apos;Johny123&apos;]//parent::td[@class=&apos;left&apos;]//preceding-sibling::td//input[@name=&apos;chkSelectRow[]&apos;]}
	at sun.reflect.NativeConstructorAccessorImpl.newInstance0(Native Method)
	at sun.reflect.NativeConstructorAccessorImpl.newInstance(NativeConstructorAccessorImpl.java:62)
	at sun.reflect.DelegatingConstructorAccessorImpl.newInstance(DelegatingConstructorAccessorImpl.java:45)
	at java.lang.reflect.Constructor.newInstance(Constructor.java:423)
	at org.openqa.selenium.remote.http.W3CHttpResponseCodec.createException(W3CHttpResponseCodec.java:187)
	at org.openqa.selenium.remote.http.W3CHttpResponseCodec.decode(W3CHttpResponseCodec.java:122)
	at org.openqa.selenium.remote.http.W3CHttpResponseCodec.decode(W3CHttpResponseCodec.java:49)
	at org.openqa.selenium.remote.HttpCommandExecutor.execute(HttpCommandExecutor.java:158)
	at org.openqa.selenium.remote.service.DriverCommandExecutor.execute(DriverCommandExecutor.java:83)
	at org.openqa.selenium.remote.RemoteWebDriver.execute(RemoteWebDriver.java:552)
	at org.openqa.selenium.remote.RemoteWebDriver.findElement(RemoteWebDriver.java:323)
	at org.openqa.selenium.remote.RemoteWebDriver.findElementByXPath(RemoteWebDriver.java:428)
	at org.openqa.selenium.By$ByXPath.findElement(By.java:353)
	at org.openqa.selenium.remote.RemoteWebDriver.findElement(RemoteWebDriver.java:315)
	at sun.reflect.NativeMethodAccessorImpl.invoke0(Native Method)
	at sun.reflect.NativeMethodAccessorImpl.invoke(NativeMethodAccessorImpl.java:62)
	at sun.reflect.DelegatingMethodAccessorImpl.invoke(DelegatingMethodAccessorImpl.java:43)
	at java.lang.reflect.Method.invoke(Method.java:498)
	at org.openqa.selenium.support.events.EventFiringWebDriver.lambda$new$1(EventFiringWebDriver.java:105)
	at com.sun.proxy.$Proxy6.findElement(Unknown Source)
	at org.openqa.selenium.support.events.EventFiringWebDriver.findElement(EventFiringWebDriver.java:194)
	at com.hrm.qa.pages.AdminPage.selectUsersByName(AdminPage.java:41)
	at com.hrm.qa.testcases.AdminPageTest.selectingMultipleUserTest(AdminPageTest.java:48)
</failure>
    <system-out>Before navigating to: &apos;https://opensource-demo.orangehrmlive.com/&apos;
Navigated to:&apos;https://opensource-demo.orangehrmlive.com/&apos;
Trying to find Element By : By.id: txtUsername
Found Element By : By.id: txtUsername
Trying to find Element By : By.id: txtPassword
Found Element By : By.id: txtPassword
Trying to find Element By : By.xpath: //input[@id=&apos;btnLogin&apos;]
Found Element By : By.xpath: //input[@id=&apos;btnLogin&apos;]
Trying to click on: [[ChromeDriver: chrome on WINDOWS (dd32e21ec140485394a32266872cd735)] -&gt; xpath: //input[@id=&apos;btnLogin&apos;]]
Clicked on: [[ChromeDriver: chrome on WINDOWS (dd32e21ec140485394a32266872cd735)] -&gt; xpath: //input[@id=&apos;btnLogin&apos;]]
Trying to find Element By : By.xpath: //a[@id=&apos;menu_admin_viewAdminModule&apos;]
Found Element By : By.xpath: //a[@id=&apos;menu_admin_viewAdminModule&apos;]
Trying to click on: [[ChromeDriver: chrome on WINDOWS (dd32e21ec140485394a32266872cd735)] -&gt; xpath: //a[@id=&apos;menu_admin_viewAdminModule&apos;]]
Clicked on: [[ChromeDriver: chrome on WINDOWS (dd32e21ec140485394a32266872cd735)] -&gt; xpath: //a[@id=&apos;menu_admin_viewAdminModule&apos;]]
Trying to find Element By : By.xpath:  //a[text()=&apos;Johny123&apos;]//parent::td[@class=&apos;left&apos;]//preceding-sibling::td//input[@name=&apos;chkSelectRow[]&apos;]
Exception occured: org.openqa.selenium.NoSuchElementException: no such element: Unable to locate element: {&quot;method&quot;:&quot;xpath&quot;,&quot;selector&quot;:&quot; //a[text()=&apos;Johny123&apos;]//parent::td[@class=&apos;left&apos;]//preceding-sibling::td//input[@name=&apos;chkSelectRow[]&apos;]&quot;}
  (Session info: chrome=99.0.4844.51)
For documentation on this error, please visit: https://www.seleniumhq.org/exceptions/no_such_element.html
Build info: version: &apos;3.141.59&apos;, revision: &apos;e82be7d358&apos;, time: &apos;2018-11-14T08:17:03&apos;
System info: host: &apos;LAPTOP-0AOM9FTS&apos;, ip: &apos;192.168.0.21&apos;, os.name: &apos;Windows 10&apos;, os.arch: &apos;amd64&apos;, os.version: &apos;10.0&apos;, java.version: &apos;1.8.0_251&apos;
Driver info: org.openqa.selenium.chrome.ChromeDriver
Capabilities {acceptInsecureCerts: false, browserName: chrome, browserVersion: 99.0.4844.51, chrome: {chromedriverVersion: 98.0.4758.102 (273bf7ac8c90..., userDataDir: C:\WINDOWS\TEMP\scoped_dir3...}, goog:chromeOptions: {debuggerAddress: localhost:61587}, javascriptEnabled: true, networkConnectionEnabled: false, pageLoadStrategy: normal, platform: WINDOWS, platformName: WINDOWS, proxy: Proxy(), setWindowRect: true, strictFileInteractability: false, timeouts: {implicit: 0, pageLoad: 300000, script: 30000}, unhandledPromptBehavior: dismiss and notify, webauthn:extension:credBlob: true, webauthn:extension:largeBlob: true, webauthn:virtualAuthenticators: true}
Session ID: dd32e21ec140485394a32266872cd735
*** Element info: {Using=xpath, value= //a[text()=&apos;Johny123&apos;]//parent::td[@class=&apos;left&apos;]//preceding-sibling::td//input[@name=&apos;chkSelectRow[]&apos;]}
</system-out>
    <system-err>Starting ChromeDriver 98.0.4758.102 (273bf7ac8c909cde36982d27f66f3c70846a3718-refs/branch-heads/4758@{#1151}) on port 30497
Only local connections are allowed.
Please see https://chromedriver.chromium.org/security-considerations for suggestions on keeping ChromeDriver safe.
ChromeDriver was started successfully.
[1647440854.080][WARNING]: This version of ChromeDriver has not been tested with Chrome version 99.
Mar 16, 2022 10:27:34 AM org.openqa.selenium.remote.ProtocolHandshake createSession
INFO: Detected dialect: W3C
</system-err>
  </testcase>
  <testcase classname="com.hrm.qa.testcases.AdminPageTest" name="validateCreationNewAdminTest" time="1.478"/>
  <testcase classname="com.hrm.qa.testcases.AdminPageTest" name="validateCreationNewAdminTest" time="1.387"/>
  <testcase classname="com.hrm.qa.testcases.AdminPageTest" name="validateCreationNewAdminTest" time="1.287"/>
  <testcase classname="com.hrm.qa.testcases.DashboardPageTest" name="verifyDashboardTitleTest" time="0.007"/>
  <testcase classname="com.hrm.qa.testcases.DashboardPageTest" name="verifyDashBoardHeaderTest" time="0.061"/>
  <testcase classname="com.hrm.qa.testcases.LoginPageTest" name="loginPageTitleTest" time="0.009"/>
  <testcase classname="com.hrm.qa.testcases.LoginPageTest" name="crmLogoImageTest" time="0.06"/>
  <testcase classname="com.hrm.qa.testcases.LoginPageTest" name="loginTest" time="2.069"/>
  <testcase classname="com.hrm.qa.testcases.MyInfoPageTest" name="verifyMyInfoIsDisplayedTest" time="0.063"/>
  <testcase classname="com.hrm.qa.testcases.MyInfoPageTest" name="clickOnMyInfoTabTest" time="1.504"/>
</testsuite>